\BOOKMARK [1][-]{section.1}{\376\377\000I\000n\000t\000r\000o\000d\000u\000c\000t\000i\000o\000n}{}% 1
\BOOKMARK [1][-]{section.2}{\376\377\000L\000a\000b\000\040\0001}{}% 2
\BOOKMARK [2][-]{subsection.2.1}{\376\377\000M\000o\000t\000i\000v\000a\000t\000i\000o\000n}{section.2}% 3
\BOOKMARK [2][-]{subsection.2.2}{\376\377\000L\000a\000b\000\040\000p\000r\000e\000p\000e\000r\000a\000t\000i\000o\000n}{section.2}% 4
\BOOKMARK [2][-]{subsection.2.3}{\376\377\000H\000y\000p\000o\000t\000h\000e\000s\000e\000s\000/\000T\000e\000s\000t\000\040\000p\000l\000a\000n}{section.2}% 5
\BOOKMARK [2][-]{subsection.2.4}{\376\377\000R\000e\000s\000u\000l\000t\000s}{section.2}% 6
\BOOKMARK [2][-]{subsection.2.5}{\376\377\000C\000o\000n\000c\000l\000u\000s\000i\000o\000n}{section.2}% 7
\BOOKMARK [1][-]{section.3}{\376\377\000L\000a\000b\000\040\0004\000\040\000-\000\040\000K\000a\000l\000m\000a\000n\000\040\000f\000i\000l\000t\000e\000r}{}% 8
\BOOKMARK [2][-]{subsection.3.1}{\376\377\000M\000o\000t\000i\000v\000a\000t\000i\000o\000n}{section.3}% 9
\BOOKMARK [2][-]{subsection.3.2}{\376\377\000L\000a\000b\000\040\000p\000r\000e\000p\000e\000r\000a\000t\000i\000o\000n}{section.3}% 10
\BOOKMARK [2][-]{subsection.3.3}{\376\377\000H\000y\000p\000o\000t\000h\000e\000s\000e\000s\000/\000T\000e\000s\000t\000\040\000p\000l\000a\000n}{section.3}% 11
\BOOKMARK [2][-]{subsection.3.4}{\376\377\000R\000e\000s\000u\000l\000t\000s}{section.3}% 12
\BOOKMARK [2][-]{subsection.3.5}{\376\377\000C\000o\000n\000c\000l\000u\000s\000i\000o\000n}{section.3}% 13
\BOOKMARK [1][-]{section.4}{\376\377\000M\000u\000l\000t\000i\000v\000a\000r\000i\000a\000b\000l\000e\000\040\000c\000o\000n\000t\000r\000o\000l}{}% 14
\BOOKMARK [2][-]{subsection.4.1}{\376\377\000I\000n\000t\000r\000o\000d\000u\000c\000t\000i\000o\000n}{section.4}% 15
\BOOKMARK [2][-]{subsection.4.2}{\376\377\000H\000y\000p\000o\000t\000h\000e\000s\000i\000s\000\040\000a\000n\000d\000\040\000t\000e\000s\000t\000\040\000p\000l\000a\000n}{section.4}% 16
\BOOKMARK [2][-]{subsection.4.3}{\376\377\000R\000e\000s\000u\000l\000t\000s}{section.4}% 17
\BOOKMARK [3][-]{subsubsection.4.3.1}{\376\377\000R\000\040\000=\000\040\0005\000I\000,\000\040\000Q\000=\000I}{subsection.4.3}% 18
\BOOKMARK [3][-]{subsubsection.4.3.2}{\376\377\000R\000\040\000=\000\040\0001\0000\0000\000I\000,\000\040\000Q\000=\000I}{subsection.4.3}% 19
\BOOKMARK [3][-]{subsubsection.4.3.3}{\376\377\000R\000\040\000=\000\040\000I\000,\000\040\0005\000Q\000=\000I}{subsection.4.3}% 20
\BOOKMARK [3][-]{subsubsection.4.3.4}{\376\377\000R\000\040\000=\000\040\000I\000,\000\040\0001\0000\0000\000Q\000=\000I}{subsection.4.3}% 21
\BOOKMARK [3][-]{subsubsection.4.3.5}{\376\377\000R\000\040\000=\000\040\000I\000,\000\040\000Q\000=\000I}{subsection.4.3}% 22
\BOOKMARK [2][-]{subsection.4.4}{\376\377\000C\000o\000n\000c\000l\000u\000s\000i\000o\000n}{section.4}% 23
\BOOKMARK [1][-]{section.5}{\376\377\000C\000o\000n\000c\000l\000u\000s\000i\000o\000n}{}% 24
\BOOKMARK [1][-]{section.5}{\376\377\000A\000p\000p\000e\000n\000d\000i\000x}{}% 25
\BOOKMARK [1][-]{appendix.A}{\376\377\000M\000A\000T\000L\000A\000B\000\040\000C\000o\000d\000e}{}% 26
\BOOKMARK [2][-]{subsection.A.1}{\376\377\000p\000l\000o\000t\000\137\000c\000o\000n\000s\000t\000r\000a\000i\000n\000t\000.\000m}{appendix.A}% 27
\BOOKMARK [1][-]{appendix.B}{\376\377\000S\000i\000m\000u\000l\000i\000n\000k\000\040\000D\000i\000a\000g\000r\000a\000m\000s}{}% 28
